1532799665169	geckodriver	INFO	geckodriver 0.19.1
1532799665176	geckodriver	INFO	Listening on 127.0.0.1:59845
1532799666293	mozrunner::runner	INFO	Running command: "/Applications/Firefox.app/Contents/MacOS/firefox-bin" "-marionette" "-headless" "-profile" "/var/folders/sk/5w2dhv4j6v33h6nlntbz3tdr0000gn/T/rust_mozprofile.VcAjTP43NVPY"
*** You are running in headless mode.
2018-07-28 13:41:08.195 plugin-container[12548:724833] *** CFMessagePort: bootstrap_register(): failed 1100 (0x44c) 'Permission denied', port = 0x9c3b, name = 'com.apple.tsm.portname'
See /usr/include/servers/bootstrap_defs.h for the error codes.
2018-07-28 13:41:08.537 plugin-container[12549:724863] *** CFMessagePort: bootstrap_register(): failed 1100 (0x44c) 'Permission denied', port = 0x9a37, name = 'com.apple.tsm.portname'
See /usr/include/servers/bootstrap_defs.h for the error codes.
1532799668905	Marionette	INFO	Listening on port 59856
1532799669017	Marionette	WARN	TLS certificate errors will be ignored for this session
2018-07-28 13:41:09.437 plugin-container[12550:724976] *** CFMessagePort: bootstrap_register(): failed 1100 (0x44c) 'Permission denied', port = 0x9637, name = 'com.apple.tsm.portname'
See /usr/include/servers/bootstrap_defs.h for the error codes.
[GFX1-]: Receive IPC close with reason=AbnormalShutdown
[GFX1-]: Receive IPC close with reason=AbnormalShutdown
[GFX1-]: Receive IPC close with reason=AbnormalShutdown
[Child 12548, Chrome_ChildThread] WARNING: pipe error: Broken pipe: file /builds/worker/workspace/build/src/ipc/chromium/src/chrome/common/ipc_channel_posix.cc, line 709
1532800369319	geckodriver	INFO	geckodriver 0.19.1
1532800369326	geckodriver	INFO	Listening on 127.0.0.1:59978
1532800370839	mozrunner::runner	INFO	Running command: "/Applications/Firefox.app/Contents/MacOS/firefox-bin" "-marionette" "-headless" "-profile" "/var/folders/sk/5w2dhv4j6v33h6nlntbz3tdr0000gn/T/rust_mozprofile.q6l8BK0TWq2e"
*** You are running in headless mode.
2018-07-28 13:52:52.816 plugin-container[12591:727829] *** CFMessagePort: bootstrap_register(): failed 1100 (0x44c) 'Permission denied', port = 0x9e3b, name = 'com.apple.tsm.portname'
See /usr/include/servers/bootstrap_defs.h for the error codes.
2018-07-28 13:52:53.056 plugin-container[12592:727869] *** CFMessagePort: bootstrap_register(): failed 1100 (0x44c) 'Permission denied', port = 0x9a3b, name = 'com.apple.tsm.portname'
See /usr/include/servers/bootstrap_defs.h for the error codes.
1532800373414	Marionette	INFO	Listening on port 59989
1532800373436	Marionette	WARN	TLS certificate errors will be ignored for this session
2018-07-28 13:52:54.006 plugin-container[12593:728001] *** CFMessagePort: bootstrap_register(): failed 1100 (0x44c) 'Permission denied', port = 0x9537, name = 'com.apple.tsm.portname'
See /usr/include/servers/bootstrap_defs.h for the error codes.
1532800394838	geckodriver	INFO	geckodriver 0.19.1
1532800394845	geckodriver	INFO	Listening on 127.0.0.1:60055
1532800395960	mozrunner::runner	INFO	Running command: "/Applications/Firefox.app/Contents/MacOS/firefox-bin" "-marionette" "-headless" "-profile" "/var/folders/sk/5w2dhv4j6v33h6nlntbz3tdr0000gn/T/rust_mozprofile.DYsAEihMSqI1"
*** You are running in headless mode.
2018-07-28 13:53:17.893 plugin-container[12601:728266] *** CFMessagePort: bootstrap_register(): failed 1100 (0x44c) 'Permission denied', port = 0x9c37, name = 'com.apple.tsm.portname'
See /usr/include/servers/bootstrap_defs.h for the error codes.
2018-07-28 13:53:18.226 plugin-container[12602:728296] *** CFMessagePort: bootstrap_register(): failed 1100 (0x44c) 'Permission denied', port = 0x9a37, name = 'com.apple.tsm.portname'
See /usr/include/servers/bootstrap_defs.h for the error codes.
1532800398640	Marionette	INFO	Listening on port 60066
1532800398663	Marionette	WARN	TLS certificate errors will be ignored for this session
2018-07-28 13:53:19.324 plugin-container[12605:728425] *** CFMessagePort: bootstrap_register(): failed 1100 (0x44c) 'Permission denied', port = 0x9537, name = 'com.apple.tsm.portname'
See /usr/include/servers/bootstrap_defs.h for the error codes.
[GFX1-]: Receive IPC close with reason=AbnormalShutdown
[Child 12602, Chrome_ChildThread] WARNING: pipe error: Broken pipe: file /builds/worker/workspace/build/src/ipc/chromium/src/chrome/common/ipc_channel_posix.cc, line 709
[GFX1-]: Receive IPC close with reason=AbnormalShutdown
1532800897101	geckodriver	INFO	geckodriver 0.19.1
1532800897124	geckodriver	INFO	Listening on 127.0.0.1:49221
1532800898286	mozrunner::runner	INFO	Running command: "/Applications/Firefox.app/Contents/MacOS/firefox-bin" "-marionette" "-headless" "-profile" "/var/folders/sk/5w2dhv4j6v33h6nlntbz3tdr0000gn/T/rust_mozprofile.UbH3PVszmSA0"
*** You are running in headless mode.
2018-07-28 14:01:40.799 plugin-container[598:6101] *** CFMessagePort: bootstrap_register(): failed 1100 (0x44c) 'Permission denied', port = 0x9c37, name = 'com.apple.tsm.portname'
See /usr/include/servers/bootstrap_defs.h for the error codes.
2018-07-28 14:01:41.016 plugin-container[600:6158] *** CFMessagePort: bootstrap_register(): failed 1100 (0x44c) 'Permission denied', port = 0x993b, name = 'com.apple.tsm.portname'
See /usr/include/servers/bootstrap_defs.h for the error codes.
1532800901461	Marionette	INFO	Listening on port 49232
1532800901538	Marionette	WARN	TLS certificate errors will be ignored for this session
2018-07-28 14:01:42.040 plugin-container[601:6276] *** CFMessagePort: bootstrap_register(): failed 1100 (0x44c) 'Permission denied', port = 0x9637, name = 'com.apple.tsm.portname'
See /usr/include/servers/bootstrap_defs.h for the error codes.
[GFX1-]: Receive IPC close with reason=AbnormalShutdown
[GFX1-]: Receive IPC close with reason=AbnormalShutdown
[Child 600, Chrome_ChildThread] WARNING: pipe error: Broken pipe: file /builds/worker/workspace/build/src/ipc/chromium/src/chrome/common/ipc_channel_posix.cc, line 709
1532809161974	geckodriver	INFO	geckodriver 0.19.1
1532809161981	geckodriver	INFO	Listening on 127.0.0.1:50353
1532809163099	mozrunner::runner	INFO	Running command: "/Applications/Firefox.app/Contents/MacOS/firefox-bin" "-marionette" "-headless" "-profile" "/var/folders/sk/5w2dhv4j6v33h6nlntbz3tdr0000gn/T/rust_mozprofile.3163nyzRh17e"
*** You are running in headless mode.
2018-07-28 16:19:24.970 plugin-container[662:24360] *** CFMessagePort: bootstrap_register(): failed 1100 (0x44c) 'Permission denied', port = 0x9c3f, name = 'com.apple.tsm.portname'
See /usr/include/servers/bootstrap_defs.h for the error codes.
2018-07-28 16:19:25.297 plugin-container[663:24400] *** CFMessagePort: bootstrap_register(): failed 1100 (0x44c) 'Permission denied', port = 0x9937, name = 'com.apple.tsm.portname'
See /usr/include/servers/bootstrap_defs.h for the error codes.
1532809165669	Marionette	INFO	Listening on port 50364
1532809165720	Marionette	WARN	TLS certificate errors will be ignored for this session
2018-07-28 16:19:26.318 plugin-container[664:24508] *** CFMessagePort: bootstrap_register(): failed 1100 (0x44c) 'Permission denied', port = 0x9537, name = 'com.apple.tsm.portname'
See /usr/include/servers/bootstrap_defs.h for the error codes.
[GFX1-]: Receive IPC close with reason=AbnormalShutdown
1532817279583	geckodriver	INFO	geckodriver 0.19.1
1532817279591	geckodriver	INFO	Listening on 127.0.0.1:51841
1532817280736	mozrunner::runner	INFO	Running command: "/Applications/Firefox.app/Contents/MacOS/firefox-bin" "-marionette" "-headless" "-profile" "/var/folders/sk/5w2dhv4j6v33h6nlntbz3tdr0000gn/T/rust_mozprofile.PO8GZDNCbmsc"
*** You are running in headless mode.
2018-07-28 18:34:42.582 plugin-container[842:44555] *** CFMessagePort: bootstrap_register(): failed 1100 (0x44c) 'Permission denied', port = 0x9c37, name = 'com.apple.tsm.portname'
See /usr/include/servers/bootstrap_defs.h for the error codes.
2018-07-28 18:34:42.933 plugin-container[843:44609] *** CFMessagePort: bootstrap_register(): failed 1100 (0x44c) 'Permission denied', port = 0x9b3b, name = 'com.apple.tsm.portname'
See /usr/include/servers/bootstrap_defs.h for the error codes.
1532817283300	Marionette	INFO	Listening on port 51852
1532817283326	Marionette	WARN	TLS certificate errors will be ignored for this session
2018-07-28 18:34:44.124 plugin-container[844:44741] *** CFMessagePort: bootstrap_register(): failed 1100 (0x44c) 'Permission denied', port = 0x963b, name = 'com.apple.tsm.portname'
See /usr/include/servers/bootstrap_defs.h for the error codes.
[GFX1-]: Receive IPC close with reason=AbnormalShutdown
1532819601427	geckodriver	INFO	geckodriver 0.19.1
1532819601435	geckodriver	INFO	Listening on 127.0.0.1:52407
1532819601564	mozrunner::runner	INFO	Running command: "/Applications/Firefox.app/Contents/MacOS/firefox-bin" "-marionette" "-headless" "-profile" "/var/folders/sk/5w2dhv4j6v33h6nlntbz3tdr0000gn/T/rust_mozprofile.9WyHSsJawcG6"
*** You are running in headless mode.
2018-07-28 19:13:23.428 plugin-container[956:53743] *** CFMessagePort: bootstrap_register(): failed 1100 (0x44c) 'Permission denied', port = 0x993b, name = 'com.apple.tsm.portname'
See /usr/include/servers/bootstrap_defs.h for the error codes.
2018-07-28 19:13:23.788 plugin-container[957:53783] *** CFMessagePort: bootstrap_register(): failed 1100 (0x44c) 'Permission denied', port = 0x983b, name = 'com.apple.tsm.portname'
See /usr/include/servers/bootstrap_defs.h for the error codes.
1532819604181	Marionette	INFO	Listening on port 52416
1532819604287	Marionette	WARN	TLS certificate errors will be ignored for this session
2018-07-28 19:13:24.719 plugin-container[958:53891] *** CFMessagePort: bootstrap_register(): failed 1100 (0x44c) 'Permission denied', port = 0x9437, name = 'com.apple.tsm.portname'
See /usr/include/servers/bootstrap_defs.h for the error codes.
1532819641572	geckodriver	INFO	geckodriver 0.19.1
1532819641579	geckodriver	INFO	Listening on 127.0.0.1:52511
1532819642696	mozrunner::runner	INFO	Running command: "/Applications/Firefox.app/Contents/MacOS/firefox-bin" "-marionette" "-headless" "-profile" "/var/folders/sk/5w2dhv4j6v33h6nlntbz3tdr0000gn/T/rust_mozprofile.1FGiZ5MwAuwB"
*** You are running in headless mode.
2018-07-28 19:14:04.716 plugin-container[966:54250] *** CFMessagePort: bootstrap_register(): failed 1100 (0x44c) 'Permission denied', port = 0x9d37, name = 'com.apple.tsm.portname'
See /usr/include/servers/bootstrap_defs.h for the error codes.
2018-07-28 19:14:04.994 plugin-container[967:54290] *** CFMessagePort: bootstrap_register(): failed 1100 (0x44c) 'Permission denied', port = 0x9b37, name = 'com.apple.tsm.portname'
See /usr/include/servers/bootstrap_defs.h for the error codes.
1532819645375	Marionette	INFO	Listening on port 52522
1532819645429	Marionette	WARN	TLS certificate errors will be ignored for this session
2018-07-28 19:14:06.023 plugin-container[968:54400] *** CFMessagePort: bootstrap_register(): failed 1100 (0x44c) 'Permission denied', port = 0x933b, name = 'com.apple.tsm.portname'
See /usr/include/servers/bootstrap_defs.h for the error codes.
[GFX1-]: Receive IPC close with reason=AbnormalShutdown
[GFX1-]: Receive IPC close with reason=AbnormalShutdown
[GFX1-]: Receive IPC close with reason=AbnormalShutdown
1532819744592	geckodriver	INFO	geckodriver 0.19.1
1532819744600	geckodriver	INFO	Listening on 127.0.0.1:52631
1532819745716	mozrunner::runner	INFO	Running command: "/Applications/Firefox.app/Contents/MacOS/firefox-bin" "-marionette" "-headless" "-profile" "/var/folders/sk/5w2dhv4j6v33h6nlntbz3tdr0000gn/T/rust_mozprofile.0kAOZAz1ULgQ"
*** You are running in headless mode.
2018-07-28 19:15:47.621 plugin-container[981:55771] *** CFMessagePort: bootstrap_register(): failed 1100 (0x44c) 'Permission denied', port = 0x9b3b, name = 'com.apple.tsm.portname'
See /usr/include/servers/bootstrap_defs.h for the error codes.
2018-07-28 19:15:47.951 plugin-container[982:55807] *** CFMessagePort: bootstrap_register(): failed 1100 (0x44c) 'Permission denied', port = 0x9a3b, name = 'com.apple.tsm.portname'
See /usr/include/servers/bootstrap_defs.h for the error codes.
1532819748332	Marionette	INFO	Listening on port 52642
1532819748451	Marionette	WARN	TLS certificate errors will be ignored for this session
2018-07-28 19:15:48.888 plugin-container[983:55921] *** CFMessagePort: bootstrap_register(): failed 1100 (0x44c) 'Permission denied', port = 0x9737, name = 'com.apple.tsm.portname'
See /usr/include/servers/bootstrap_defs.h for the error codes.
[GFX1-]: Receive IPC close with reason=AbnormalShutdown
1532820187203	geckodriver	INFO	geckodriver 0.19.1
1532820187210	geckodriver	INFO	Listening on 127.0.0.1:52818
1532820188351	mozrunner::runner	INFO	Running command: "/Applications/Firefox.app/Contents/MacOS/firefox-bin" "-marionette" "-headless" "-profile" "/var/folders/sk/5w2dhv4j6v33h6nlntbz3tdr0000gn/T/rust_mozprofile.dIVXIa5rVrvi"
*** You are running in headless mode.
2018-07-28 19:23:10.282 plugin-container[1010:58516] *** CFMessagePort: bootstrap_register(): failed 1100 (0x44c) 'Permission denied', port = 0x9e37, name = 'com.apple.tsm.portname'
See /usr/include/servers/bootstrap_defs.h for the error codes.
2018-07-28 19:23:10.621 plugin-container[1011:58560] *** CFMessagePort: bootstrap_register(): failed 1100 (0x44c) 'Permission denied', port = 0x993b, name = 'com.apple.tsm.portname'
See /usr/include/servers/bootstrap_defs.h for the error codes.
1532820191117	Marionette	INFO	Listening on port 52829
2018-07-28 19:23:11.730 plugin-container[1012:58681] *** CFMessagePort: bootstrap_register(): failed 1100 (0x44c) 'Permission denied', port = 0x933b, name = 'com.apple.tsm.portname'
See /usr/include/servers/bootstrap_defs.h for the error codes.
1532820266112	Marionette	WARN	TLS certificate errors will be ignored for this session
1532820366916	geckodriver	INFO	geckodriver 0.19.1
1532820366924	geckodriver	INFO	Listening on 127.0.0.1:52917
1532820368045	mozrunner::runner	INFO	Running command: "/Applications/Firefox.app/Contents/MacOS/firefox-bin" "-marionette" "-headless" "-profile" "/var/folders/sk/5w2dhv4j6v33h6nlntbz3tdr0000gn/T/rust_mozprofile.KDmA51YZ9PFh"
*** You are running in headless mode.
2018-07-28 19:26:10.171 plugin-container[1026:59621] *** CFMessagePort: bootstrap_register(): failed 1100 (0x44c) 'Permission denied', port = 0x9e37, name = 'com.apple.tsm.portname'
See /usr/include/servers/bootstrap_defs.h for the error codes.
2018-07-28 19:26:10.426 plugin-container[1027:59658] *** CFMessagePort: bootstrap_register(): failed 1100 (0x44c) 'Permission denied', port = 0x9a3f, name = 'com.apple.tsm.portname'
See /usr/include/servers/bootstrap_defs.h for the error codes.
1532820370866	Marionette	INFO	Listening on port 52928
1532820370995	Marionette	WARN	TLS certificate errors will be ignored for this session
2018-07-28 19:26:11.450 plugin-container[1028:59777] *** CFMessagePort: bootstrap_register(): failed 1100 (0x44c) 'Permission denied', port = 0x943f, name = 'com.apple.tsm.portname'
See /usr/include/servers/bootstrap_defs.h for the error codes.
1532820461232	geckodriver	INFO	geckodriver 0.19.1
1532820461238	geckodriver	INFO	Listening on 127.0.0.1:53042
1532820465040	mozrunner::runner	INFO	Running command: "/Applications/Firefox.app/Contents/MacOS/firefox-bin" "-marionette" "-headless" "-profile" "/var/folders/sk/5w2dhv4j6v33h6nlntbz3tdr0000gn/T/rust_mozprofile.t54GtZ0knIPX"
*** You are running in headless mode.
2018-07-28 19:27:47.299 plugin-container[1040:60523] *** CFMessagePort: bootstrap_register(): failed 1100 (0x44c) 'Permission denied', port = 0x9b3f, name = 'com.apple.tsm.portname'
See /usr/include/servers/bootstrap_defs.h for the error codes.
2018-07-28 19:27:47.577 plugin-container[1041:60562] *** CFMessagePort: bootstrap_register(): failed 1100 (0x44c) 'Permission denied', port = 0x993b, name = 'com.apple.tsm.portname'
See /usr/include/servers/bootstrap_defs.h for the error codes.
1532820468237	Marionette	INFO	Listening on port 53053
1532820468283	Marionette	WARN	TLS certificate errors will be ignored for this session
2018-07-28 19:27:48.450 plugin-container[1042:60661] *** CFMessagePort: bootstrap_register(): failed 1100 (0x44c) 'Permission denied', port = 0x943b, name = 'com.apple.tsm.portname'
See /usr/include/servers/bootstrap_defs.h for the error codes.
1532820640944	geckodriver	INFO	geckodriver 0.19.1
1532820640952	geckodriver	INFO	Listening on 127.0.0.1:53166
1532820642077	mozrunner::runner	INFO	Running command: "/Applications/Firefox.app/Contents/MacOS/firefox-bin" "-marionette" "-headless" "-profile" "/var/folders/sk/5w2dhv4j6v33h6nlntbz3tdr0000gn/T/rust_mozprofile.EiAVaTQ51LO1"
*** You are running in headless mode.
2018-07-28 19:30:44.458 plugin-container[1054:61576] *** CFMessagePort: bootstrap_register(): failed 1100 (0x44c) 'Permission denied', port = 0x9d37, name = 'com.apple.tsm.portname'
See /usr/include/servers/bootstrap_defs.h for the error codes.
2018-07-28 19:30:44.754 plugin-container[1055:61616] *** CFMessagePort: bootstrap_register(): failed 1100 (0x44c) 'Permission denied', port = 0x9a3b, name = 'com.apple.tsm.portname'
See /usr/include/servers/bootstrap_defs.h for the error codes.
1532820645455	Marionette	INFO	Listening on port 53177
1532820645573	Marionette	WARN	TLS certificate errors will be ignored for this session
2018-07-28 19:30:45.708 plugin-container[1056:61706] *** CFMessagePort: bootstrap_register(): failed 1100 (0x44c) 'Permission denied', port = 0x9837, name = 'com.apple.tsm.portname'
See /usr/include/servers/bootstrap_defs.h for the error codes.
[GFX1-]: Receive IPC close with reason=AbnormalShutdown
1532821109420	geckodriver	INFO	geckodriver 0.19.1
1532821109429	geckodriver	INFO	Listening on 127.0.0.1:53374
1532821110558	mozrunner::runner	INFO	Running command: "/Applications/Firefox.app/Contents/MacOS/firefox-bin" "-marionette" "-headless" "-profile" "/var/folders/sk/5w2dhv4j6v33h6nlntbz3tdr0000gn/T/rust_mozprofile.E0roVUWBhA7e"
*** You are running in headless mode.
2018-07-28 19:38:32.942 plugin-container[1167:64633] *** CFMessagePort: bootstrap_register(): failed 1100 (0x44c) 'Permission denied', port = 0x9c37, name = 'com.apple.tsm.portname'
See /usr/include/servers/bootstrap_defs.h for the error codes.
2018-07-28 19:38:33.609 plugin-container[1168:64687] *** CFMessagePort: bootstrap_register(): failed 1100 (0x44c) 'Permission denied', port = 0x9b3b, name = 'com.apple.tsm.portname'
See /usr/include/servers/bootstrap_defs.h for the error codes.
1532821114307	Marionette	INFO	Listening on port 53385
1532821114343	Marionette	WARN	TLS certificate errors will be ignored for this session
2018-07-28 19:38:34.524 plugin-container[1169:64774] *** CFMessagePort: bootstrap_register(): failed 1100 (0x44c) 'Permission denied', port = 0x9537, name = 'com.apple.tsm.portname'
See /usr/include/servers/bootstrap_defs.h for the error codes.
[GFX1-]: Receive IPC close with reason=AbnormalShutdown
[GFX1-]: Receive IPC close with reason=AbnormalShutdown
1532821926524	geckodriver	INFO	geckodriver 0.19.1
1532821926532	geckodriver	INFO	Listening on 127.0.0.1:53607
1532821927661	mozrunner::runner	INFO	Running command: "/Applications/Firefox.app/Contents/MacOS/firefox-bin" "-marionette" "-headless" "-profile" "/var/folders/sk/5w2dhv4j6v33h6nlntbz3tdr0000gn/T/rust_mozprofile.RJ8XXZNtbgmt"
*** You are running in headless mode.
2018-07-28 19:52:10.326 plugin-container[1196:69076] *** CFMessagePort: bootstrap_register(): failed 1100 (0x44c) 'Permission denied', port = 0x9d3b, name = 'com.apple.tsm.portname'
See /usr/include/servers/bootstrap_defs.h for the error codes.
2018-07-28 19:52:10.802 plugin-container[1197:69107] *** CFMessagePort: bootstrap_register(): failed 1100 (0x44c) 'Permission denied', port = 0x9a3b, name = 'com.apple.tsm.portname'
See /usr/include/servers/bootstrap_defs.h for the error codes.
1532821931653	Marionette	INFO	Listening on port 53622
1532821931760	Marionette	WARN	TLS certificate errors will be ignored for this session
2018-07-28 19:52:11.830 plugin-container[1198:69207] *** CFMessagePort: bootstrap_register(): failed 1100 (0x44c) 'Permission denied', port = 0x9837, name = 'com.apple.tsm.portname'
See /usr/include/servers/bootstrap_defs.h for the error codes.
1532822173310	geckodriver	INFO	geckodriver 0.19.1
1532822173319	geckodriver	INFO	Listening on 127.0.0.1:53757
1532822174455	mozrunner::runner	INFO	Running command: "/Applications/Firefox.app/Contents/MacOS/firefox-bin" "-marionette" "-headless" "-profile" "/var/folders/sk/5w2dhv4j6v33h6nlntbz3tdr0000gn/T/rust_mozprofile.ZX26T7qx8a2e"
*** You are running in headless mode.
2018-07-28 19:56:18.389 plugin-container[1220:70729] *** CFMessagePort: bootstrap_register(): failed 1100 (0x44c) 'Permission denied', port = 0x9b3b, name = 'com.apple.tsm.portname'
See /usr/include/servers/bootstrap_defs.h for the error codes.
2018-07-28 19:56:19.940 plugin-container[1238:71011] *** CFMessagePort: bootstrap_register(): failed 1100 (0x44c) 'Permission denied', port = 0x9c37, name = 'com.apple.tsm.portname'
See /usr/include/servers/bootstrap_defs.h for the error codes.
1532822182119	Marionette	INFO	Listening on port 53768
1532822182270	Marionette	WARN	TLS certificate errors will be ignored for this session
2018-07-28 19:56:22.409 plugin-container[1241:71246] *** CFMessagePort: bootstrap_register(): failed 1100 (0x44c) 'Permission denied', port = 0x953f, name = 'com.apple.tsm.portname'
See /usr/include/servers/bootstrap_defs.h for the error codes.
1532823391144	geckodriver	INFO	geckodriver 0.19.1
1532823391156	geckodriver	INFO	Listening on 127.0.0.1:54156
1532823392291	mozrunner::runner	INFO	Running command: "/Applications/Firefox.app/Contents/MacOS/firefox-bin" "-marionette" "-headless" "-profile" "/var/folders/sk/5w2dhv4j6v33h6nlntbz3tdr0000gn/T/rust_mozprofile.khpAYWQhyTQo"
*** You are running in headless mode.
2018-07-28 20:16:34.649 plugin-container[1278:77002] *** CFMessagePort: bootstrap_register(): failed 1100 (0x44c) 'Permission denied', port = 0x9c3b, name = 'com.apple.tsm.portname'
See /usr/include/servers/bootstrap_defs.h for the error codes.
2018-07-28 20:16:34.930 plugin-container[1279:77049] *** CFMessagePort: bootstrap_register(): failed 1100 (0x44c) 'Permission denied', port = 0x9a3b, name = 'com.apple.tsm.portname'
See /usr/include/servers/bootstrap_defs.h for the error codes.
1532823395737	Marionette	INFO	Listening on port 54167
1532823395853	Marionette	WARN	TLS certificate errors will be ignored for this session
2018-07-28 20:16:36.069 plugin-container[1280:77138] *** CFMessagePort: bootstrap_register(): failed 1100 (0x44c) 'Permission denied', port = 0x953f, name = 'com.apple.tsm.portname'
See /usr/include/servers/bootstrap_defs.h for the error codes.
1532834423745	geckodriver	INFO	geckodriver 0.19.1
1532834423753	geckodriver	INFO	Listening on 127.0.0.1:56186
1532834424923	mozrunner::runner	INFO	Running command: "/Applications/Firefox.app/Contents/MacOS/firefox-bin" "-marionette" "-headless" "-profile" "/var/folders/sk/5w2dhv4j6v33h6nlntbz3tdr0000gn/T/rust_mozprofile.Osw9X4SUsf33"
*** You are running in headless mode.
2018-07-28 23:20:27.759 plugin-container[1380:103210] *** CFMessagePort: bootstrap_register(): failed 1100 (0x44c) 'Permission denied', port = 0x9c3b, name = 'com.apple.tsm.portname'
See /usr/include/servers/bootstrap_defs.h for the error codes.
2018-07-28 23:20:27.985 plugin-container[1381:103255] *** CFMessagePort: bootstrap_register(): failed 1100 (0x44c) 'Permission denied', port = 0x9d3b, name = 'com.apple.tsm.portname'
See /usr/include/servers/bootstrap_defs.h for the error codes.
1532834428451	Marionette	INFO	Listening on port 56197
1532834428482	Marionette	WARN	TLS certificate errors will be ignored for this session
2018-07-28 23:20:29.510 plugin-container[1382:103382] *** CFMessagePort: bootstrap_register(): failed 1100 (0x44c) 'Permission denied', port = 0x943b, name = 'com.apple.tsm.portname'
See /usr/include/servers/bootstrap_defs.h for the error codes.
[GFX1-]: Receive IPC close with reason=AbnormalShutdown
[GFX1-]: Receive IPC close with reason=AbnormalShutdown
1532882269733	geckodriver	INFO	geckodriver 0.19.1
1532882269740	geckodriver	INFO	Listening on 127.0.0.1:64581
1532882270917	mozrunner::runner	INFO	Running command: "/Applications/Firefox.app/Contents/MacOS/firefox-bin" "-marionette" "-headless" "-profile" "/var/folders/sk/5w2dhv4j6v33h6nlntbz3tdr0000gn/T/rust_mozprofile.OTpNCInRmLYe"
*** You are running in headless mode.
2018-07-29 12:37:53.392 plugin-container[3299:183699] *** CFMessagePort: bootstrap_register(): failed 1100 (0x44c) 'Permission denied', port = 0x9d37, name = 'com.apple.tsm.portname'
See /usr/include/servers/bootstrap_defs.h for the error codes.
2018-07-29 12:37:54.049 plugin-container[3300:183758] *** CFMessagePort: bootstrap_register(): failed 1100 (0x44c) 'Permission denied', port = 0x993f, name = 'com.apple.tsm.portname'
See /usr/include/servers/bootstrap_defs.h for the error codes.
1532882274956	Marionette	INFO	Listening on port 64592
1532882275030	Marionette	WARN	TLS certificate errors will be ignored for this session
2018-07-29 12:37:55.234 plugin-container[3301:183871] *** CFMessagePort: bootstrap_register(): failed 1100 (0x44c) 'Permission denied', port = 0x943b, name = 'com.apple.tsm.portname'
See /usr/include/servers/bootstrap_defs.h for the error codes.
[GFX1-]: Receive IPC close with reason=AbnormalShutdown
[GFX1-]: Receive IPC close with reason=AbnormalShutdown
[GFX1-]: Receive IPC close with reason=AbnormalShutdown
[Child 1041, Chrome_ChildThread] WARNING: pipe error: Broken pipe: file /builds/worker/workspace/build/src/ipc/chromium/src/chrome/common/ipc_channel_posix.cc, line 709
[GFX1-]: Receive IPC close with reason=AbnormalShutdown
[GFX1-]: Receive IPC close with reason=AbnormalShutdown
[GFX1-]: Receive IPC close with reason=AbnormalShutdown
[GFX1-]: Receive IPC close with reason=AbnormalShutdown
[GFX1-]: Receive IPC close with reason=AbnormalShutdown
1546568081747	geckodriver	INFO	geckodriver 0.19.1
1546568081762	geckodriver	INFO	Listening on 127.0.0.1:49636
1546568083282	mozrunner::runner	INFO	Running command: "/Applications/Firefox.app/Contents/MacOS/firefox-bin" "-marionette" "-headless" "-profile" "/var/folders/sk/5w2dhv4j6v33h6nlntbz3tdr0000gn/T/rust_mozprofile.I5rpfdP9MBiq"
*** You are running in headless mode.
1546568083922	addons.webextension.screenshots@mozilla.org	WARN	Loading extension 'screenshots@mozilla.org': Reading manifest: Invalid host permission: resource://pdf.js/
1546568083922	addons.webextension.screenshots@mozilla.org	WARN	Loading extension 'screenshots@mozilla.org': Reading manifest: Invalid host permission: about:reader*
1546568084107	Marionette	DEBUG	Received observer notification profile-after-change
1546568084251	Marionette	DEBUG	Received observer notification command-line-startup
1546568084251	Marionette	DEBUG	Received observer notification nsPref:changed
1546568084252	Marionette	DEBUG	Init aborted (running=false, enabled=true, finalUIStartup=false)
1546568084612	Marionette	DEBUG	Received observer notification toplevel-window-ready
1546568085900	Marionette	DEBUG	Received observer notification sessionstore-windows-restored
1546568085900	Marionette	DEBUG	Waiting for delayed startup...
1546568086415	Marionette	DEBUG	Setting recommended pref app.update.disabledForTesting to true
1546568086416	Marionette	DEBUG	Setting recommended pref security.turn_off_all_security_so_that_viruses_can_take_over_this_computer to true
1546568086417	Marionette	DEBUG	Setting recommended pref browser.contentblocking.introCount to 99
1546568086418	Marionette	DEBUG	Setting recommended pref datareporting.policy.dataSubmissionPolicyAccepted to false
1546568086418	Marionette	DEBUG	Setting recommended pref dom.disable_beforeunload to true
1546568086418	Marionette	DEBUG	Setting recommended pref toolkit.cosmeticAnimations.enabled to false
1546568086509	Marionette	INFO	Listening on port 49647
1546568086509	Marionette	DEBUG	Remote service is active
1546568086528	Marionette	DEBUG	Accepted connection 0 from 127.0.0.1:49719
1546568086542	Marionette	TRACE	0 -> [0,1,"newSession",{"acceptInsecureCerts":true,"browserName":"firefox","capabilities":{"desiredCapabilities":{"acceptInsecureCerts":true,"browserName":"firefox"}}}]
1546568086543	Marionette	TRACE	0 <- [1,1,{"error":"unknown command","message":"newSession","stacktrace":"WebDriverError@chrome://marionette/content/error.js:178: ... et@chrome://marionette/content/server.js:236:8\n_onJSONObjectReady/<@chrome://marionette/content/transport.js:490:9\n"},null]
[GFX1-]: Receive IPC close with reason=AbnormalShutdown
[GFX1-]: Receive IPC close with reason=AbnormalShutdown
